
2022-12-15 11:14 AM	5b7f6baa-434e-4012-ab6e-e9598e6b4937	UserID: 6393acb0acc590d2e63caf99 UserName: William Stamp UserEmail: williamstamp88@gmail.com 	Searched: apple	STATUS: 304	INFO
2022-12-15 11:16 AM	9c94f3ee-345e-4f40-abab-6c46522dcbb8	UserID: 6393acb0acc590d2e63caf99 UserName: William Stamp UserEmail: williamstamp88@gmail.com 	Searched: the	STATUS: 304	INFO
2022-12-15 11:16 AM	5c37ba8b-ad07-407a-91b6-a2dac651858a	UserID: 6393acb0acc590d2e63caf99 UserName: William Stamp UserEmail: williamstamp88@gmail.com 	Searched: cool	STATUS: 200	INFO
2022-12-15 11:17 AM	4a492869-de01-48f9-a6e9-67aa50fded12	UserID: 6393acb0acc590d2e63caf99User: William StampEmail: williamstamp88@gmail.com	Searched: the	STATUS: 304	INFO
2022-12-15 11:18 AM	455ce920-1489-4cb9-a40f-8cc3f556d60e	UserID: 6393acb0acc590d2e63caf99	User: William Stamp	Email: williamstamp88@gmail.com	Searched: apple	STATUS: 304	INFO
2022-12-15 15:50 PM	ebcc848d-768c-4186-a2b5-45ec2132307d	UserID: 6397bba9a327ebee2ac36451	User: john	Email: john@john.com	Searched: dog	STATUS: 200	INFO
2022-12-15 15:59 PM	e01c1ce4-c5e8-4a4a-8a74-2cf49dd84e26	UserID: 6397bba9a327ebee2ac36451	User: john	Email: john@john.com	Searched: dog	STATUS: 304	INFO
2022-12-15 16:08 PM	b04cba55-55d8-4cdc-a47a-df9f7cf3ac9c	UserID: 6397bba9a327ebee2ac36451	User: john	Email: john@john.com	Searched: dog	STATUS: 200	INFO
2022-12-15 16:10 PM	9dd82b95-b6a5-4661-a81d-c0054372fafc	UserID: 6397bba9a327ebee2ac36451	User: john	Email: john@john.com	Searched: dog	STATUS: 304	INFO
2022-12-15 16:12 PM	f9bce2e3-9e30-4036-a1c2-c524f2d6e9b3	UserID: 6397bba9a327ebee2ac36451	User: john	Email: john@john.com	Searched: dog	STATUS: 304	INFO
2022-12-15 16:17 PM	55e4a76f-479f-4034-b944-fffca3978e09	UserID: 6397bba9a327ebee2ac36451	User: john	Email: john@john.com	Searched: dog	STATUS: 304	INFO
2022-12-15 16:22 PM	eab3ed4e-8835-4677-a562-ed40a5fdfde9	UserID: 6397bba9a327ebee2ac36451	User: john	Email: john@john.com	Searched: dog	STATUS: 304	INFO
2022-12-15 16:54 PM	8281efbe-dd94-4a20-a3dc-846784e8a99a	UserID: 6397bba9a327ebee2ac36451	User: john	Email: john@john.com	Searched: dog	STATUS: 304	INFO
2022-12-15 17:00 PM	98907b4e-6100-4e8c-8312-1c8f82728470	UserID: 6397bba9a327ebee2ac36451	User: john	Email: john@john.com	Searched: dog	STATUS: 304	INFO
2022-12-15 17:04 PM	ace646e5-3d23-482f-8edb-59a0173c702e	UserID: 6397bba9a327ebee2ac36451	User: john	Email: john@john.com	Searched: dog	STATUS: 304	INFO
2022-12-15 18:17 PM	d836a7bb-bb9e-4200-aa35-1dbbc7708f41	UserID: 6397bba9a327ebee2ac36451	User: john	Email: john@john.com	Searched: dog	STATUS: 304	INFO
2022-12-15 18:17 PM	923362c6-ecfb-414a-a421-0005b32d3464	UserID: 6397bba9a327ebee2ac36451 User: johnEmail: john@john.com	Searched: dog	STATUS: 200	INFO
2022-12-15 19:23 PM	35a90ab0-2e05-4727-99c8-aaf91ec8763a	UserID: 639b97143a262ed319e25096	User: john	Email: john@john.com	Searched: dog	STATUS: 304	INFO
2022-12-15 19:24 PM	6d85c512-1ff7-46df-80e6-669bddb34e3d	UserID: 639b97143a262ed319e25096	User: john	Email: john@john.com	Searched: car	STATUS: 200	INFO
2022-12-15 19:24 PM	3e6de6d1-9d23-47b8-9271-df4153e9eea1	UserID: 639b97143a262ed319e25096	User: john	Email: john@john.com	Searched: camaro	STATUS: 200	INFO
2022-12-15 19:24 PM	a855951a-2f49-4db0-9cd5-3cf746115397	UserID: 639b97143a262ed319e25096 User: johnEmail: john@john.com	Searched: camaro	STATUS: 200	INFO
2022-12-15 19:24 PM	b0581c24-33e8-41dd-a929-d9b9de74e9a5	UserID: 639b97143a262ed319e25096	User: john	Email: john@john.com	Searched: people	STATUS: 200	INFO
2022-12-15 19:27 PM	038ac22c-a54d-479c-aafb-036c53bcbe7b	UserID: 639b97143a262ed319e25096	User: john	Email: john@john.com	Searched: people	STATUS: 304	INFO
2022-12-15 19:27 PM	2d323a79-e07a-4a95-bd63-ff66bc2f3d0d	UserID: 639b97143a262ed319e25096 User: johnEmail: john@john.com	Searched: car	STATUS: 200	INFO
2022-12-15 19:31 PM	e3ec2c12-bcf3-4dc4-a743-b6a053a6f73d	UserID: 639b97143a262ed319e25096	User: john	Email: john@john.com	Searched: dog	STATUS: 304	INFO
2022-12-15 21:15 PM	eb8a004d-d22e-46ee-a275-d90a28c21e0b	UserID: 639b97143a262ed319e25096	User: john	Email: john@john.com	Searched: dog	STATUS: 200	INFO
2022-12-15 21:16 PM	832a2163-1fff-49e4-bf6b-2e16b093bcee	UserID: 639b97143a262ed319e25096	User: john	Email: john@john.com	Searched: dog	STATUS: 304	INFO
2022-12-15 21:20 PM	a4b3c16b-2552-4013-92a4-5afe80d08749	UserID: 639b97143a262ed319e25096	User: john	Email: john@john.com	Searched: dog	STATUS: 304	INFO
2022-12-15 21:21 PM	6013522e-659f-408a-b398-d6939b8ec1ad	UserID: 639b97143a262ed319e25096	User: john	Email: john@john.com	Searched: dog	STATUS: 304	INFO
2022-12-15 21:22 PM	1a3e7970-82d5-41a5-a3aa-91b27c79219e	UserID: 639b97143a262ed319e25096	User: john	Email: john@john.com	Searched: dog	STATUS: 200	INFO
2022-12-15 21:23 PM	cb942164-da24-408c-8f6d-78b3dcc70fec	UserID: 639b97143a262ed319e25096 User: johnEmail: john@john.com	Searched: moose	STATUS: 200	INFO
2022-12-15 21:23 PM	05b92ce8-1981-42fc-b1df-7aaa75213ded	UserID: 639b97143a262ed319e25096 User: johnEmail: john@john.com	Searched: cars	STATUS: 200	INFO
2022-12-15 21:23 PM	3401d90a-683e-4dc0-9249-ca589308a933	UserID: 639b97143a262ed319e25096 User: johnEmail: john@john.com	Searched: dog	STATUS: 200	INFO
2022-12-15 21:24 PM	4ed9b5d8-8fdf-4a8f-8087-6628538e53bb	UserID: 639b97143a262ed319e25096 User: johnEmail: john@john.com	Searched: dog	STATUS: 200	INFO
2022-12-15 21:24 PM	ad36f539-ecbe-41ff-b6f0-24b98a1bbf32	UserID: 639b97143a262ed319e25096	User: john	Email: john@john.com	Searched: dog	STATUS: 304	INFO
2022-12-15 21:25 PM	a37a51ec-c1e7-437f-ab6c-075c5418387f	UserID: 639b97143a262ed319e25096	User: john	Email: john@john.com	Searched: car	STATUS: 200	INFO
2022-12-16 14:03 PM	24ce872e-1f20-416f-af9e-0ce40d45c6d1	UserID: 6393acb0acc590d2e63caf99	User: William Stamp	Email: williamstamp88@gmail.com	Searched: the	STATUS: 200	INFO
2022-12-16 14:09 PM	db775b41-5a51-4a6b-945d-1a371c5a9852	UserID: 6393acb0acc590d2e63caf99	User: William Stamp	Email: williamstamp88@gmail.com	Searched: the	STATUS: 304	INFO
2022-12-16 14:09 PM	fe9fb4f4-7832-48a2-aa63-12f97c0c5f57	UserID: 6393acb0acc590d2e63caf99	User: William Stamp	Email: williamstamp88@gmail.com	Searched: the	STATUS: 304	INFO
2022-12-16 14:09 PM	c15c79ef-b47d-4335-b84d-ac44fe9cb281	UserID: 6393acb0acc590d2e63caf99 User: William StampEmail: williamstamp88@gmail.com	Searched: the	STATUS: 200	INFO
2022-12-16 14:11 PM	db1bdce5-8084-4b3b-be99-0c2e1cf16eef	UserID: 6393acb0acc590d2e63caf99	User: William Stamp	Email: williamstamp88@gmail.com	Searched: the	STATUS: 200	INFO
